<?xml version="1.0" encoding="UTF-8"?>
<coverage generated="1638936849173" clover="3.2.0">
  <project timestamp="1638936849173" name="All files">
    <metrics statements="21" coveredstatements="21" conditionals="2" coveredconditionals="2" methods="11" coveredmethods="11" elements="34" coveredelements="34" complexity="0" loc="21" ncloc="21" packages="1" files="3" classes="3"/>
    <file name="CitySearch.js" path="C:\Users\N0D3\Documents\GitHub\meet\src\CitySearch.js">
      <metrics statements="14" coveredstatements="14" conditionals="2" coveredconditionals="2" methods="8" coveredmethods="8"/>
      <line num="5" count="5" type="stmt"/>
      <line num="11" count="5" type="stmt"/>
      <line num="12" count="2" type="stmt"/>
      <line num="13" count="2" type="stmt"/>
      <line num="14" count="4" type="stmt"/>
      <line num="16" count="2" type="stmt"/>
      <line num="22" count="5" type="stmt"/>
      <line num="23" count="4" type="stmt"/>
      <line num="28" count="4" type="stmt"/>
      <line num="32" count="22" type="stmt"/>
      <line num="41" count="1" type="stmt"/>
      <line num="46" count="23" type="stmt"/>
      <line num="48" count="2" type="stmt"/>
      <line num="51" count="1" type="stmt"/>
    </file>
    <file name="api.js" path="C:\Users\N0D3\Documents\GitHub\meet\src\api.js">
      <metrics statements="6" coveredstatements="6" conditionals="0" coveredconditionals="0" methods="3" coveredmethods="3"/>
      <line num="3" count="2" type="stmt"/>
      <line num="4" count="12" type="stmt"/>
      <line num="5" count="6" type="stmt"/>
      <line num="6" count="6" type="stmt"/>
      <line num="9" count="2" type="stmt"/>
      <line num="10" count="9" type="stmt"/>
    </file>
    <file name="mock-data.js" path="C:\Users\N0D3\Documents\GitHub\meet\src\mock-data.js">
      <metrics statements="1" coveredstatements="1" conditionals="0" coveredconditionals="0" methods="0" coveredmethods="0"/>
      <line num="1" count="2" type="stmt"/>
    </file>
  </project>
</coverage>
