{"C:\\Users\\N0D3\\Documents\\GitHub\\meet\\src\\CitySearch.js": {"path":"C:\\Users\\N0D3\\Documents\\GitHub\\meet\\src\\CitySearch.js","statementMap":{"0":{"start":{"line":5,"column":10},"end":{"line":9,"column":3}},"1":{"start":{"line":11,"column":23},"end":{"line":20,"column":3}},"2":{"start":{"line":12,"column":18},"end":{"line":12,"column":36}},"3":{"start":{"line":13,"column":24},"end":{"line":15,"column":6}},"4":{"start":{"line":14,"column":6},"end":{"line":14,"column":70}},"5":{"start":{"line":16,"column":4},"end":{"line":19,"column":7}},"6":{"start":{"line":22,"column":22},"end":{"line":29,"column":3}},"7":{"start":{"line":23,"column":4},"end":{"line":26,"column":7}},"8":{"start":{"line":28,"column":4},"end":{"line":28,"column":40}},"9":{"start":{"line":32,"column":4},"end":{"line":56,"column":6}},"10":{"start":{"line":41,"column":12},"end":{"line":41,"column":52}},"11":{"start":{"line":46,"column":12},"end":{"line":49,"column":30}},"12":{"start":{"line":48,"column":29},"end":{"line":48,"column":63}},"13":{"start":{"line":51,"column":29},"end":{"line":51,"column":58}}},"fnMap":{"0":{"name":"(anonymous_0)","decl":{"start":{"line":11,"column":23},"end":{"line":11,"column":24}},"loc":{"start":{"line":11,"column":34},"end":{"line":20,"column":3}},"line":11},"1":{"name":"(anonymous_1)","decl":{"start":{"line":13,"column":52},"end":{"line":13,"column":53}},"loc":{"start":{"line":13,"column":66},"end":{"line":15,"column":5}},"line":13},"2":{"name":"(anonymous_2)","decl":{"start":{"line":22,"column":22},"end":{"line":22,"column":23}},"loc":{"start":{"line":22,"column":38},"end":{"line":29,"column":3}},"line":22},"3":{"name":"(anonymous_3)","decl":{"start":{"line":31,"column":2},"end":{"line":31,"column":3}},"loc":{"start":{"line":31,"column":11},"end":{"line":57,"column":3}},"line":31},"4":{"name":"(anonymous_4)","decl":{"start":{"line":40,"column":19},"end":{"line":40,"column":20}},"loc":{"start":{"line":40,"column":25},"end":{"line":42,"column":11}},"line":40},"5":{"name":"(anonymous_5)","decl":{"start":{"line":45,"column":38},"end":{"line":45,"column":39}},"loc":{"start":{"line":46,"column":12},"end":{"line":49,"column":30}},"line":46},"6":{"name":"(anonymous_6)","decl":{"start":{"line":48,"column":23},"end":{"line":48,"column":24}},"loc":{"start":{"line":48,"column":29},"end":{"line":48,"column":63}},"line":48},"7":{"name":"(anonymous_7)","decl":{"start":{"line":51,"column":23},"end":{"line":51,"column":24}},"loc":{"start":{"line":51,"column":29},"end":{"line":51,"column":58}},"line":51}},"branchMap":{"0":{"loc":{"start":{"line":44,"column":43},"end":{"line":44,"column":96}},"type":"cond-expr","locations":[{"start":{"line":44,"column":72},"end":{"line":44,"column":74}},{"start":{"line":44,"column":77},"end":{"line":44,"column":96}}],"line":44}},"s":{"0":5,"1":5,"2":2,"3":2,"4":4,"5":2,"6":5,"7":4,"8":4,"9":22,"10":1,"11":23,"12":2,"13":1},"f":{"0":2,"1":4,"2":4,"3":22,"4":1,"5":23,"6":2,"7":1},"b":{"0":[1,21]},"_coverageSchema":"1a1c01bbd47fc00a2c39e90264f33305004495a9","hash":"f3b6ff5dc0051a077f110dea2389bc2db89788dd"}
,"C:\\Users\\N0D3\\Documents\\GitHub\\meet\\src\\api.js": {"path":"C:\\Users\\N0D3\\Documents\\GitHub\\meet\\src\\api.js","statementMap":{"0":{"start":{"line":3,"column":32},"end":{"line":7,"column":1}},"1":{"start":{"line":4,"column":25},"end":{"line":4,"column":62}},"2":{"start":{"line":4,"column":47},"end":{"line":4,"column":61}},"3":{"start":{"line":5,"column":18},"end":{"line":5,"column":48}},"4":{"start":{"line":6,"column":2},"end":{"line":6,"column":19}},"5":{"start":{"line":9,"column":25},"end":{"line":11,"column":1}},"6":{"start":{"line":10,"column":2},"end":{"line":10,"column":18}}},"fnMap":{"0":{"name":"(anonymous_0)","decl":{"start":{"line":3,"column":32},"end":{"line":3,"column":33}},"loc":{"start":{"line":3,"column":44},"end":{"line":7,"column":1}},"line":3},"1":{"name":"(anonymous_1)","decl":{"start":{"line":4,"column":36},"end":{"line":4,"column":37}},"loc":{"start":{"line":4,"column":47},"end":{"line":4,"column":61}},"line":4},"2":{"name":"(anonymous_2)","decl":{"start":{"line":9,"column":25},"end":{"line":9,"column":26}},"loc":{"start":{"line":9,"column":37},"end":{"line":11,"column":1}},"line":9}},"branchMap":{},"s":{"0":2,"1":6,"2":12,"3":6,"4":6,"5":2,"6":9},"f":{"0":6,"1":12,"2":9},"b":{},"_coverageSchema":"1a1c01bbd47fc00a2c39e90264f33305004495a9","hash":"287d5f3e2a9c17e0e7327ad1f0be56112ae88854"}
,"C:\\Users\\N0D3\\Documents\\GitHub\\meet\\src\\mock-data.js": {"path":"C:\\Users\\N0D3\\Documents\\GitHub\\meet\\src\\mock-data.js","statementMap":{"0":{"start":{"line":1,"column":17},"end":{"line":27,"column":1}}},"fnMap":{},"branchMap":{},"s":{"0":2},"f":{},"b":{},"_coverageSchema":"1a1c01bbd47fc00a2c39e90264f33305004495a9","hash":"7fa77609cc7a8ebce8cf786db7ba16f4f28ecb1e"}
}
