TN:
SF:src\CitySearch.js
FN:11,(anonymous_0)
FN:13,(anonymous_1)
FN:22,(anonymous_2)
FN:31,(anonymous_3)
FN:40,(anonymous_4)
FN:45,(anonymous_5)
FN:48,(anonymous_6)
FN:51,(anonymous_7)
FNF:8
FNH:8
FNDA:2,(anonymous_0)
FNDA:4,(anonymous_1)
FNDA:4,(anonymous_2)
FNDA:22,(anonymous_3)
FNDA:1,(anonymous_4)
FNDA:23,(anonymous_5)
FNDA:2,(anonymous_6)
FNDA:1,(anonymous_7)
DA:5,5
DA:11,5
DA:12,2
DA:13,2
DA:14,4
DA:16,2
DA:22,5
DA:23,4
DA:28,4
DA:32,22
DA:41,1
DA:46,23
DA:48,2
DA:51,1
LF:14
LH:14
BRDA:44,0,0,1
BRDA:44,0,1,21
BRF:2
BRH:2
end_of_record
TN:
SF:src\api.js
FN:3,(anonymous_0)
FN:4,(anonymous_1)
FN:9,(anonymous_2)
FNF:3
FNH:3
FNDA:6,(anonymous_0)
FNDA:12,(anonymous_1)
FNDA:9,(anonymous_2)
DA:3,2
DA:4,12
DA:5,6
DA:6,6
DA:9,2
DA:10,9
LF:6
LH:6
BRF:0
BRH:0
end_of_record
TN:
SF:src\mock-data.js
FNF:0
FNH:0
DA:1,2
LF:1
LH:1
BRF:0
BRH:0
end_of_record
